MSMS 2.6.1 started on eloy.dbb.su.se
Copyright M.F. Sanner (1994)
Compilation flags -O3 -DVERBOSE -DTIMING -DFUNCPROTO -force_cpusubtype_ALL  -arch ppc -arch i686
INPUT  examples/trypsin_inh/1tpa.I.xyzr 454 spheres 0 collision only, radii  1.400 to  2.000
PARAM  Probe_radius  1.500 density  5.000 hdensity 50.000
REDUCED SURFACE ...
    RS component 0 identified 425 424 422
    0 free edge(s) found in component 0
    RS component  #faces  #edges #free_edges  #vertices   genus
         0         608      912          0        281      12.5
    Time Reduced Surface real: 0.01 user: 0.01 sys: 0.00
ANALYTICAL SOLVENT EXCLUDED SURFACE...
    Component   0
        Time Surface real: 0.00 user: 0.00 sys: 0.00
        Time Singularities real: 0.00 user: 0.00 sys: 0.00
    SES comp.  #fac.  #edg. #s_edg. #vert. #s_vert. R_h C_h genus
         0     1846   3708     20    1864       40   0   0    0
ANALYTICAL SURFACE AREA :
    Comp. probe_radius,   reent,    toric,   contact    SES       SAS
      0       1.500     669.503  1228.042  1217.880  3115.425  4036.279
TRIANGULATION...
    Component 0
    component#, vertices,  edges,  faces, genus, density
        0          14573   43713   29142    0     4.678
        Time Triangulation real: 0.04 user: 0.03 sys: 0.00
NUMERICAL VOLUMES AND AREA
    Comp. probe_radius SES_volume SES_area)
       0      1.50     7293.207   3089.639
    Total ses_volume:  7293.207
MSMS terminated normally
Total Time real: 0.48 user: 0.45 sys: 0.01
